<?xml version="1.0" encoding="UTF-8"?>
<testsuite xmlns:xsi="http://www.w3.org/2001/XMLSchema-instance" xsi:noNamespaceSchemaLocation="https://maven.apache.org/surefire/maven-surefire-plugin/xsd/surefire-test-report-3.0.xsd" version="3.0" name="com.example.AssertTest" time="0.154" tests="10" errors="0" skipped="0" failures="0">
  <properties>
[...]
</properties>
  <testcase name="testAssertNotNull" classname="com.example.AssertTest" time="0.024"/>
  <testcase name="testAssertTimeout" classname="com.example.AssertTest" time="0.06"/>
  <testcase name="testSame" classname="com.example.AssertTest" time="0.007"/>
  <testcase name="testAssertEqual" classname="com.example.AssertTest" time="0.0"/>
  <testcase name="testAssertFalse" classname="com.example.AssertTest" time="0.0"/>
  <testcase name="testAssertNotEqual" classname="com.example.AssertTest" time="0.0"/>
  <testcase name="testAssertThrows" classname="com.example.AssertTest" time="0.004"/>
  <testcase name="testCombine" classname="com.example.AssertTest" time="0.004"/>
  <testcase name="testAssertNull" classname="com.example.AssertTest" time="0.0"/>
  <testcase name="testAssertTrue" classname="com.example.AssertTest" time="0.0"/>
</testsuite>