-------------------------------------------------------------------------------
Test set: com.example.WithoutMocknamemustendwithTest
-------------------------------------------------------------------------------
Tests run: 2, Failures: 1, Errors: 0, Skipped: 0, Time elapsed: 0.011 s <<< FAILURE! - in com.example.WithoutMocknamemustendwithTest
testAdd1  Time elapsed: 0.008 s  <<< FAILURE!
org.opentest4j.AssertionFailedError: expected: <0> but was: <4>
	at com.example.WithoutMocknamemustendwithTest.testAdd1(WithoutMocknamemustendwithTest.java:47)

